0 verbose cli /usr/local/bin/node /usr/local/bin/npm
1 info using npm@10.8.2
2 info using node@v20.18.1
3 silly config load:file:/usr/local/lib/node_modules/npm/npmrc
4 silly config load:file:/app/.npmrc
5 silly config load:file:/home/node/.npmrc
6 silly config load:file:/usr/local/etc/npmrc
7 verbose title npm install
8 verbose argv "install"
9 verbose logfile logs-max:10 dir:/home/node/.npm/_logs/2024-11-29T09_00_23_389Z-
10 verbose logfile /home/node/.npm/_logs/2024-11-29T09_00_23_389Z-debug-0.log
11 silly packumentCache heap:2197815296 maxSize:549453824 maxEntrySize:274726912
12 silly logfile done cleaning log files
13 silly idealTree buildDeps
14 silly reify moves {}
15 verbose stack Error: EACCES: permission denied, open '/app/package-lock.json'
15 verbose stack     at async open (node:internal/fs/promises:639:25)
15 verbose stack     at async writeFile (node:internal/fs/promises:1212:14)
15 verbose stack     at async Promise.all (index 0)
15 verbose stack     at async [saveIdealTree] (/usr/local/lib/node_modules/npm/node_modules/@npmcli/arborist/lib/arborist/reify.js:1526:7)
15 verbose stack     at async Arborist.reify (/usr/local/lib/node_modules/npm/node_modules/@npmcli/arborist/lib/arborist/reify.js:148:5)
15 verbose stack     at async Install.exec (/usr/local/lib/node_modules/npm/lib/commands/install.js:150:5)
15 verbose stack     at async Npm.exec (/usr/local/lib/node_modules/npm/lib/npm.js:207:9)
15 verbose stack     at async module.exports (/usr/local/lib/node_modules/npm/lib/cli/entry.js:74:5)
16 error code EACCES
17 error syscall open
18 error path /app/package-lock.json
19 error errno -13
20 error Error: EACCES: permission denied, open '/app/package-lock.json'
20 error     at async open (node:internal/fs/promises:639:25)
20 error     at async writeFile (node:internal/fs/promises:1212:14)
20 error     at async Promise.all (index 0)
20 error     at async [saveIdealTree] (/usr/local/lib/node_modules/npm/node_modules/@npmcli/arborist/lib/arborist/reify.js:1526:7)
20 error     at async Arborist.reify (/usr/local/lib/node_modules/npm/node_modules/@npmcli/arborist/lib/arborist/reify.js:148:5)
20 error     at async Install.exec (/usr/local/lib/node_modules/npm/lib/commands/install.js:150:5)
20 error     at async Npm.exec (/usr/local/lib/node_modules/npm/lib/npm.js:207:9)
20 error     at async module.exports (/usr/local/lib/node_modules/npm/lib/cli/entry.js:74:5) {
20 error   errno: -13,
20 error   code: 'EACCES',
20 error   syscall: 'open',
20 error   path: '/app/package-lock.json'
20 error }
21 error
21 error The operation was rejected by your operating system.
21 error It is likely you do not have the permissions to access this file as the current user
21 error
21 error If you believe this might be a permissions issue, please double-check the
21 error permissions of the file and its containing directories, or try running
21 error the command again as root/Administrator.
22 silly unfinished npm timer reify 1732870823782
23 silly unfinished npm timer reify:save 1732870823864
24 verbose cwd /app
25 verbose os Linux 5.15.90.1-microsoft-standard-WSL2
26 verbose node v20.18.1
27 verbose npm  v10.8.2
28 verbose exit -13
29 verbose code -13
30 error A complete log of this run can be found in: /home/node/.npm/_logs/2024-11-29T09_00_23_389Z-debug-0.log
